[debug] [2022-06-16T17:49:31.973Z] ----------------------------------------------------------------------
[debug] [2022-06-16T17:49:31.974Z] Command:       C:\Program Files\nodejs\node.exe C:\Users\rodrigo\AppData\Roaming\npm\node_modules\firebase-tools\lib\bin\firebase.js functions:shell
[debug] [2022-06-16T17:49:31.975Z] CLI Version:   10.2.2
[debug] [2022-06-16T17:49:31.975Z] Platform:      win32
[debug] [2022-06-16T17:49:31.975Z] Node Version:  v16.14.0
[debug] [2022-06-16T17:49:31.975Z] Time:          Thu Jun 16 2022 14:49:31 GMT-0300 (Horário Padrão de Brasília)
[debug] [2022-06-16T17:49:31.976Z] ----------------------------------------------------------------------
[debug] 
[debug] [2022-06-16T17:49:32.023Z] > command requires scopes: ["email","openid","https://www.googleapis.com/auth/cloudplatformprojects.readonly","https://www.googleapis.com/auth/firebase","https://www.googleapis.com/auth/cloud-platform"]
[debug] [2022-06-16T17:49:32.024Z] > authorizing via signed-in user (blix.aplicativos@gmail.com)
[debug] [2022-06-16T17:49:32.024Z] [iam] checking project blix-stream for permissions ["firebase.projects.get"]
[debug] [2022-06-16T17:49:32.025Z] >>> [apiv2][query] POST https://cloudresourcemanager.googleapis.com/v1/projects/blix-stream:testIamPermissions [none]
[debug] [2022-06-16T17:49:32.026Z] >>> [apiv2][body] POST https://cloudresourcemanager.googleapis.com/v1/projects/blix-stream:testIamPermissions {"permissions":["firebase.projects.get"]}
[debug] [2022-06-16T17:49:32.947Z] <<< [apiv2][status] POST https://cloudresourcemanager.googleapis.com/v1/projects/blix-stream:testIamPermissions 200
[debug] [2022-06-16T17:49:32.947Z] <<< [apiv2][body] POST https://cloudresourcemanager.googleapis.com/v1/projects/blix-stream:testIamPermissions {"permissions":["firebase.projects.get"]}
[debug] [2022-06-16T17:49:32.965Z] [functions] Using node@16 from host.
[debug] [2022-06-16T17:49:32.966Z] defaultcredentials: writing to file C:\Users\rodrigo\AppData\Roaming\firebase\blix_aplicativos_gmail.com_application_default_credentials.json
[debug] [2022-06-16T17:49:32.967Z] DEBUG: Setting GAC to C:\Users\rodrigo\AppData\Roaming\firebase\blix_aplicativos_gmail.com_application_default_credentials.json
[debug] [2022-06-16T17:49:32.968Z] >>> [apiv2][query] GET https://firebase.googleapis.com/v1beta1/projects/blix-stream/adminSdkConfig [none]
[debug] [2022-06-16T17:49:34.087Z] <<< [apiv2][status] GET https://firebase.googleapis.com/v1beta1/projects/blix-stream/adminSdkConfig 200
[debug] [2022-06-16T17:49:34.087Z] <<< [apiv2][body] GET https://firebase.googleapis.com/v1beta1/projects/blix-stream/adminSdkConfig {"projectId":"blix-stream","storageBucket":"blix-stream.appspot.com","locationId":"us-central"}
[debug] [2022-06-16T17:49:34.100Z] [functions] Watching "C:\Users\rodrigo\Documents\blix\blix-stream\functions" for Cloud Functions...
[debug] [2022-06-16T17:49:34.103Z] Validating nodejs source
[debug] [2022-06-16T17:49:35.839Z] > [functions] package.json contents: {
  "name": "functions",
  "description": "Cloud Functions for Firebase",
  "scripts": {
    "serve": "firebase emulators:start --only functions",
    "shell": "firebase functions:shell",
    "start": "npm run shell",
    "deploy": "firebase deploy --only functions",
    "logs": "firebase functions:log"
  },
  "engines": {
    "node": "16"
  },
  "main": "index.js",
  "dependencies": {
    "firebase-admin": "^10.0.2",
    "firebase-functions": "^3.18.0"
  },
  "devDependencies": {
    "firebase-functions-test": "^0.2.0"
  },
  "private": true
}
[debug] [2022-06-16T17:49:35.839Z] Building nodejs source
[debug] [2022-06-16T17:49:35.840Z] Analyzing nodejs backend spec
[debug] [2022-06-16T17:49:35.958Z] [functions[us-central1-paymentTrigger]] function ignored because the firestore emulator does not exist or is not running.
[info] i  functions: Loaded functions: paymentTrigger 
[warn] !  functions: The following emulators are not running, calls to these services will affect production: firestore, database, pubsub, storage 
[debug] [2022-06-16T17:51:11.987Z] [functions] Stopping Functions Emulator
